  UnitTest1.cpp
f:\软件工程实验\第一次作业\calculator\lonarch-zl\consoleapplication1\unittest1\unittest1.cpp(15): error C2065: “Calculator”: 未声明的标识符
f:\软件工程实验\第一次作业\calculator\lonarch-zl\consoleapplication1\unittest1\unittest1.cpp(15): error C2065: “calc”: 未声明的标识符
f:\软件工程实验\第一次作业\calculator\lonarch-zl\consoleapplication1\unittest1\unittest1.cpp(15): error C2061: 语法错误: 标识符“Calculator”
f:\软件工程实验\第一次作业\calculator\lonarch-zl\consoleapplication1\unittest1\unittest1.cpp(16): error C2065: “string”: 未声明的标识符
f:\软件工程实验\第一次作业\calculator\lonarch-zl\consoleapplication1\unittest1\unittest1.cpp(17): error C2065: “ret”: 未声明的标识符
f:\软件工程实验\第一次作业\calculator\lonarch-zl\consoleapplication1\unittest1\unittest1.cpp(17): error C2065: “string”: 未声明的标识符
f:\软件工程实验\第一次作业\calculator\lonarch-zl\consoleapplication1\unittest1\unittest1.cpp(17): error C2143: 语法错误: 缺少“)”(在“字符串”的前面)
f:\软件工程实验\第一次作业\calculator\lonarch-zl\consoleapplication1\unittest1\unittest1.cpp(17): error C2143: 语法错误: 缺少“;”(在“字符串”的前面)
f:\软件工程实验\第一次作业\calculator\lonarch-zl\consoleapplication1\unittest1\unittest1.cpp(17): error C2059: 语法错误:“)”
